Arguments: 
  /home/shravan/.nvm/versions/node/v14.20.0/bin/node /home/shravan/.nvm/versions/node/v14.20.0/bin/yarn install --silent

PATH: 
  /home/shravan/.rbenv/shims:/home/shravan/.rbenv/bin:/home/shravan/.rbenv/shims:/home/shravan/.rbenv/bin:/home/shravan/.rbenv/shims:/home/shravan/.rbenv/bin:/home/shravan/.nvm/versions/node/v14.20.0/bin:/home/shravan/.rbenv/shims:/home/shravan/.rbenv/bin:/home/shravan/.local/bin:/usr/local/sbin:/usr/local/bin:/usr/sbin:/usr/bin:/sbin:/bin:/usr/games:/usr/local/games:/snap/bin:/home/shravan/.cache/coursier/jvm/adopt@1.11.0-11/bin:/Python-2.7.3:/home/shravan/.local/share/coursier/bin:/Python-2.7.3:/home/shravan/.local/share/coursier/bin:/Python-2.7.3:/home/shravan/.local/share/coursier/bin:/Python-2.7.3:/home/shravan/.local/share/coursier/bin

Yarn version: 
  1.22.19

Node version: 
  14.20.0

Platform: 
  linux x64

Trace: 
  Error: 140301243250560:error:1408F119:SSL routines:ssl3_get_record:decryption failed or bad record mac:../deps/openssl/openssl/ssl/record/ssl3_record.c:677:

npm manifest: 
  {
    "name": "initial_app",
    "version": "0.0.1",
    "description": "",
    "author": "",
    "private": true,
    "license": "UNLICENSED",
    "scripts": {
      "build": "nest build",
      "format": "prettier --write \"src/**/*.ts\" \"test/**/*.ts\"",
      "start": "nest start",
      "start:dev": "nest start --watch",
      "start:debug": "nest start --debug --watch",
      "start:prod": "node dist/main",
      "lint": "eslint \"{src,apps,libs,test}/**/*.ts\" --fix",
      "test": "jest",
      "test:watch": "jest --watch",
      "test:cov": "jest --coverage",
      "test:debug": "node --inspect-brk -r tsconfig-paths/register -r ts-node/register node_modules/.bin/jest --runInBand",
      "test:e2e": "jest --config ./test/jest-e2e.json"
    },
    "dependencies": {
      "@nestjs/common": "^10.0.0",
      "@nestjs/core": "^10.0.0",
      "@nestjs/platform-express": "^10.0.0",
      "reflect-metadata": "^0.1.13",
      "rxjs": "^7.8.1"
    },
    "devDependencies": {
      "@nestjs/cli": "^10.0.0",
      "@nestjs/schematics": "^10.0.0",
      "@nestjs/testing": "^10.0.0",
      "@types/express": "^4.17.17",
      "@types/jest": "^29.5.2",
      "@types/node": "^20.3.1",
      "@types/supertest": "^2.0.12",
      "@typescript-eslint/eslint-plugin": "^6.0.0",
      "@typescript-eslint/parser": "^6.0.0",
      "eslint": "^8.42.0",
      "eslint-config-prettier": "^9.0.0",
      "eslint-plugin-prettier": "^5.0.0",
      "jest": "^29.5.0",
      "prettier": "^3.0.0",
      "source-map-support": "^0.5.21",
      "supertest": "^6.3.3",
      "ts-jest": "^29.1.0",
      "ts-loader": "^9.4.3",
      "ts-node": "^10.9.1",
      "tsconfig-paths": "^4.2.0",
      "typescript": "^5.1.3"
    },
    "jest": {
      "moduleFileExtensions": [
        "js",
        "json",
        "ts"
      ],
      "rootDir": "src",
      "testRegex": ".*\\.spec\\.ts$",
      "transform": {
        "^.+\\.(t|j)s$": "ts-jest"
      },
      "collectCoverageFrom": [
        "**/*.(t|j)s"
      ],
      "coverageDirectory": "../coverage",
      "testEnvironment": "node"
    }
  }

yarn manifest: 
  No manifest

Lockfile: 
  No lockfile
